<?xml version="1.0" encoding="UTF-8"?>
<testsuite name="StringServiceTest" tests="1" skipped="0" failures="0" errors="0" timestamp="2022-10-24T20:34:29" hostname="DESKTOP-I7PAPMH" time="0.013">
  <properties/>
  <testcase name="readFile()" classname="StringServiceTest" time="0.013"/>
  <system-out><![CDATA[]]></system-out>
  <system-err><![CDATA[]]></system-err>
</testsuite>
