<?xml version="1.0" encoding="UTF-8"?>
<testsuite name="StringServiceTest" tests="1" skipped="0" failures="0" errors="0" timestamp="2022-10-20T13:42:51" hostname="DESKTOP-I7PAPMH" time="0.011">
  <properties/>
  <testcase name="readFile()" classname="StringServiceTest" time="0.011"/>
  <system-out><![CDATA[]]></system-out>
  <system-err><![CDATA[]]></system-err>
</testsuite>
